[    0.000000] Initializing cgroup subsys cpuset
[    0.000000] Initializing cgroup subsys cpu
[    0.000000] Initializing cgroup subsys cpuacct
[    0.000000] Linux version 4.4.0-138-generic (buildd@lcy01-amd64-006) (gcc version 5.4.0 20160609 (Ubuntu 5.4.0-6ubuntu1~16.04.10) ) #164-Ubuntu SMP Tue Oct 2 17:16:02 UTC 2018 (Ubuntu 4.4.0-138.164-generic 4.4.155)
[    0.000000] Command line: BOOT_IMAGE=/boot/vmlinuz-4.4.0-138-generic root=LABEL=cloudimg-rootfs ro console=tty1 console=ttyS0
[    0.000000] KERNEL supported cpus:
[    0.000000]   Intel GenuineIntel
[    0.000000]   AMD AuthenticAMD
[    0.000000]   Centaur CentaurHauls
[    0.000000] x86/fpu: xstate_offset[2]:  576, xstate_sizes[2]:  256
[    0.000000] x86/fpu: Supporting XSAVE feature 0x01: 'x87 floating point registers'
[    0.000000] x86/fpu: Supporting XSAVE feature 0x02: 'SSE registers'
[    0.000000] x86/fpu: Supporting XSAVE feature 0x04: 'AVX registers'
[    0.000000] x86/fpu: Enabled xstate features 0x7, context size is 832 bytes, using 'standard' format.
[    0.000000] e820: BIOS-provided physical RAM map:
[    0.000000] BIOS-e820: [mem 0x0000000000000000-0x000000000009fbff] usable
[    0.000000] BIOS-e820: [mem 0x000000000009fc00-0x000000000009ffff] reserved
[    0.000000] BIOS-e820: [mem 0x00000000000f0000-0x00000000000fffff] reserved
[    0.000000] BIOS-e820: [mem 0x0000000000100000-0x000000003ffeffff] usable
[    0.000000] BIOS-e820: [mem 0x000000003fff0000-0x000000003fffffff] ACPI data
[    0.000000] BIOS-e820: [mem 0x00000000fec00000-0x00000000fc00fff] reserved
[    0.000000] BIOS-e820: [mem 0x00000000fee00000-0x00000000fee00fff] reserved
[    0.000000] BIOS-e820: [mem 0x00000000fffc0000-0x00000000ffffffff] reserved
[    0.000000] NX (Excute Disable) protection: active
[    0.000000] SMBIOS 2.5 present.
[    0.000000] Hypervisor detected: KVM
[    0.000000] e820: last_pfn = 0x3fff0 max_arch_pfn = 0x400000000
[    0.000000] MTRR: Disabled
[    0.000000] x86/PAT: MTRRs disabled, skipping PAT initialization too.
[    0.000000] CPU MTRRs all blank - virtualized system.
[    0.000000] x86/PAT: Configuration [0-7]: WB  WT  UC- UC  WB  WT  UC- UC  
[    0.000000] found SMP MP-table at [mem 0x0009fff0-0x0009ffff] mapped at [ffff88000009fff0]
[    0.000000] Scanning 1 areas for low memory corruption
[    0.000000] RAMDISK: [mem 0x3630a000-0x3717cfff]
[    0.000000] ACPI: Early table checksum verification disabled
[    0.000000] ACPI: RSDP 0x00000000000E0000 000024 (v02 VBOX  )
[    0.000000] ACPI: XSDT 0x000000003FFF0030 00003C (v01 VBOX   VBOXXSDT 00000001 ASL  00000061)
[    0.000000] ACPI: FACP 0x000000003FFF00F0 0000F4 (v04 VBOX   VBOXFACP 00000001 ASL  00000061)
[    0.000000] ACPI: DSDT 0x000000003FFF0470 0021FF (v02 VBOX   VBOXBIOS 00000002 INTL 20100528)
[    0.000000] ACPI: FACS 0x000000003FFF0200 000040
[    0.000000] ACPI: FACS 0x000000003FFF0200 000040
[    0.000000] ACPI: APIC 0x000000003FFF0240 00005C (v02 VBOX   VBOXAPIC 00000001 ASL  00000061)
[    0.000000] ACPI: SSDT 0x000000003FFF02A0 0001CC (v01 VBOX   VBOXCPUT 00000002 INTL 20100528)
[    0.000000] No NUMA configuration found
[    0.000000] Faking a node at [mem 0x0000000000000000-0x000000003ffeffff]
[    0.000000] NODE_DATA(0) allocated [mem 0x3ffeb000-0x3ffeffff]
[    0.000000] kvm-clock: Using msrs 4b564d01 and 4b564d00
[    0.000000] kvm-clock: cpu 0, msr 0:3ffe3001, primary cpu clock
[    0.000000] kvm-clock: using sched offset of 5294122824 cycles
[    0.000000] clocksource: kvm-clock: mask: 0xffffffffffffffff max_cycles: 0x1cd42e4dffb, max_idle_ns: 881590591483 ns
[    0.000000] Zone ranges:
[    0.000000]   DMA      [mem 0x0000000000001000-0x0000000000ffffff]
[    0.000000]   DMA32    [mem 0x0000000001000000-0x000000003ffeffff]
[    0.000000]   Normal   empty
[    0.000000]   Device   empty
[    0.000000] Movable zone start for each node
[    0.000000] Early memory node ranges
[    0.000000]   node   0: [mem 0x0000000000001000-0x000000000009efff]
[    0.000000]   node   0: [mem 0x0000000000100000-0x000000003ffeffff]
[    0.000000] Initmem setup node 0 [mem 0x0000000000001000-0x000000003ffeffff]
[    0.000000] ACPI: PM-Timer IO Port: 0x4008
[    0.000000] IOAPIC[0]: apic_id 2, version 32, address 0xfec00000, GSI 0-23
[    0.000000] ACPI: INT_SRC_OVR (bus 0 bus_irq 0 global_irq 2 dfl dfl)
[    0.000000] ACPI: INT_SRC_OVR (bus 0 bus_irq 9 global_irq 9 low level)
[    0.000000] Using ACPI (MADT) for SMP configuration information
[    0.000000] smpboot: Allowing 2 CPUs, 0 hotplug CPUs
[    0.000000] PM: Registered nosave memory: [mem 0x00000000-0x00000fff]
[    0.000000] PM: Registered nosave memory: [mem 0x0009f000-0x0009ffff]
[    0.000000] PM: Registered nosave memory: [mem 0x000a0000-0x000effff]
[    0.000000] PM: Registered nosave memory: [mem 0x000f0000-0x000fffff]
[    0.000000] e820: [mem 0x40000000-0xfebfffff] available for PCI devices
[    0.000000] Booting paravirtualized kernel on KVM
[    0.000000] clocksource: refined-jiffies: mask: 0xffffffff max_cycles: 0xffffffff, max_idle_ns: 7645519600211568 ns
[    0.000000] setup_percpu: NR_CPUS:512 nr_cpumask_bits:512 nr_cpu_ids:2 nr_node_ids:1
[    0.000000] PERCPU: Embedded 34 pages/cpu @ffff88003fc00000 s99608 r8192 d31464 u1048576
[    0.000000] PV qspinlock hash table entries: 256 (order: 0, 4096 bytes)
[    0.000000] Built 1 zonelists in Node order, mobility grouping on.  Total pages: 257912
[    0.000000] Policy zone: DMA32
[    0.000000] Kernel command line: BOOT_IMAGE=/boot/vmlinuz-4.4.0-138-generic root=LABEL=cloudimg-rootfs ro console=tty1 console=ttyS0
[    0.000000] PID hash table entries: 4096 (order: 3, 32768 bytes)
[    0.000000] Memory: 997708K/1048120K available (8563K kernel code, 1314K rwdata, 4004K rodata, 1528K init, 1316K bss, 50412K reserved, 0K cma-reserved)
[    0.000000] SLUB: HWalign=64, Order=0-3, MinObjects=0, CPUs=2, Nodes=1
[    0.000000] Kernel/User page tables isolation: enabled
[    0.000000] Hierarchical RCU implementation.
[    0.000000] 	Build-time adjustment of leaf fanout to 64.
[    0.000000] 	RCU restricting CPUs from NR_CPUS=512 to nr_cpu_ids=2.
[    0.000000] RCU: Adjusting geometry for rcu_fanout_leaf=64, nr_cpu_ids=2
[    0.000000] NR_IRQS:33024 nr_irqs:440 16
[    0.000000] Console: colour VGA+ 80x25
[    0.000000] console [tty1] enabled
[    0.000000] console [ttyS0] enabled
[    0.000000] tsc: Detected 2294.690 MHz processor
[    0.862160] Calibrating delay loop (skipped) preset value.. 4589.38 BogoMIPS (lpj=9178760)
[    0.878282] pid_max: default: 32768 minimum: 301
[    0.883527] ACPI: Core revision 20150930
[    0.893689] ACPI: 2 ACPI AML tables successfully acquired and loaded
[    0.898064] Security Framework initialized
[    0.908299] Yama: becoming mindful.
[    0.910975] AppArmor: AppArmor initialized
[    0.914759] Dentry cache hash table entries: 131072 (order: 8, 1048576 bytes)
[    0.933277] Inode-cache hash table entries: 65536 (order: 7, 524288 bytes)
[    0.939534] Mount-cache hash table entries: 2048 (order: 2, 16384 bytes)
[    0.944168] Mountpoint-cache hash table entries: 2048 (order: 2, 16384 bytes)
[    0.949914] Initializing cgroup subsys io
[    0.954305] Initializing cgroup subsys memory
[    0.957002] Initializing cgroup subsys devices
[    0.960441] Initializing cgroup subsys freezer
[    0.963665] Initializing cgroup subsys net_cls
[    0.967199] Initializing cgroup subsys perf_event
[    0.970556] Initializing cgroup subsys net_prio
[    0.973959] Initializing cgroup subsys hugetlb
[    0.977466] Initializing cgroup subsys pids
[    0.981501] mce: CPU supports 0 MCE banks
[    0.991608] Last level iTLB entries: 4KB 1024, 2MB 1024, 4MB 1024
[    0.995215] Last level dTLB entries: 4KB 1024, 2MB 1024, 4MB 1024, 1GB 4
[    0.999521] Spectre V2 : Mitigation: Full generic retpoline
[    1.003167] Spectre V2 : Spectre v2 mitigation: Speculation control IBPB not-supported IBRS not-supported
[    1.009664] Spectre V2 : Spectre v2 / SpectreRSB mitigation: Filling RSB on context switch
[    1.017064] Speculative Store Bypass: Vulnerable
[    1.028016] Freeing SMP alternatives memory: 32K
[    1.052774] ftrace: allocating 32278 entries in 127 pages
[    1.202246] smpboot: APIC(0) Converting physical 0 to logical package 0
[    1.206228] smpboot: Max logical packages: 1
[    1.215261] x2apic enabled
[    1.220477] Switched APIC routing to physical x2apic.
[    1.227482] ..TIMER: vector=0x30 apic1=0 pin1=2 apic2=-1 pin2=-1
[    1.338594] smpboot: CPU0: Intel(R) Core(TM) i5-4200U CPU @ 1.60GHz (family: 0x6, model: 0x45, stepping: 0x1)
[    1.345400] Performance Events: unsupported p6 CPU model 69 no PMU driver, software events only.
[    1.351829] KVM setup paravirtual spinlock
[    1.355895] x86: Booting SMP configuration:
[    1.358712] .... node  #0, CPUs:      #1
[    1.361250] kvm-clock: cpu 1, msr 0:3ffe3041, secondary cpu clock
[    1.364678] mce: CPU supports 0 MCE banks
[    1.368103] x86: Booted up 1 node, 2 CPUs
[    1.371821] smpboot: Total of 2 processors activated (9178.76 BogoMIPS)
[    1.382743] devtmpfs: initialized
[    1.397141] evm: security.selinux
[    1.399885] evm: security.SMACK64
[    1.402179] evm: security.SMACK64EXEC
[    1.404764] evm: security.SMACK64TRANSMUTE
[    1.407740] evm: security.SMACK64MMAP
[    1.410308] evm: security.ima
[    1.412511] evm: security.capability
[    1.415560] clocksource: jiffies: mask: 0xffffffff max_cycles: 0xffffffff, max_idle_ns: 7645041785100000 ns
[    1.425184] futex hash table entries: 512 (order: 3, 32768 bytes)
[    1.429566] pinctrl core: initialized pinctrl subsystem
[    1.433382] RTC time:  8:08:15, date: 11/05/18
[    1.436752] NET: Registered protocol family 16
[    1.452248] cpuidle: using governor ladder
[    1.463739] cpuidle: using governor menu
[    1.467829] PCCT header not found.
[    1.470524] ACPI: bus type PCI registered
[    1.473378] acpiphp: ACPI Hot Plug PCI Controller Driver version: 0.5
[    1.477680] PCI: Using configuration type 1 for base access
[    1.498136] ACPI: Added _OSI(Module Device)
[    1.500959] ACPI: Added _OSI(Processor Device)
[    1.503744] ACPI: Added _OSI(3.0 _SCP Extensions)
[    1.506805] ACPI: Added _OSI(Processor Aggregator Device)
[    1.513493] ACPI: Executed 1 blocks of module-level executable AML code
[    1.526086] ACPI: Interpreter enabled
[    1.528659] ACPI: (supports S0 S5)
[    1.531028] ACPI: Using IOAPIC for interrupt routing
[    1.534766] PCI: Using host bridge windows from ACPI; if necessary, use "pci=nocrs" and report a bug
[    1.556011] ACPI: PCI Root Bridge [PCI0] (domain 0000 [bus 00-ff])
[    1.560180] acpi PNP0A03:00: _OSC: OS supports [ASPM ClockPM Segments MSI]
[    1.564998] acpi PNP0A03:00: _OSC: not requesting OS control; OS requires [ExtendedConfig ASPM ClockPM MSI]
[    1.572280] acpi PNP0A03:00: fail to add MMCONFIG information, can't access extended PCI configuration space under this bridge.
[    1.581024] PCI host bridge to bus 0000:00
[    1.584297] pci_bus 0000:00: root bus resource [io  0x0000-0x0cf7 window]
[    1.588694] pci_bus 0000:00: root bus resource [io  0x0d00-0xffff window]
[    1.593073] pci_bus 0000:00: root bus resource [mem 0x000a0000-0x000bffff window]
[    1.599962] pci_bus 0000:00: root bus resource [mem 0x40000000-0xfdffffff window]
[    1.606839] pci_bus 0000:00: root bus resource [bus 00-ff]
[    1.615036] pci 0000:00:01.1: legacy IDE quirk: reg 0x10: [io  0x01f0-0x01f7]
[    1.621657] pci 0000:00:01.1: legacy IDE quirk: reg 0x14: [io  0x03f6]
[    1.629375] pci 0000:00:01.1: legacy IDE quirk: reg 0x18: [io  0x0170-0x0177]
[    1.633981] pci 0000:00:01.1: legacy IDE quirk: reg 0x1c: [io  0x0376]
[    1.764821] pci 0000:00:07.0: quirk: [io  0x4000-0x403f] claimed by PIIX4 ACPI
[    1.780664] pci 0000:00:07.0: quirk: [io  0x4100-0x410f] claimed by PIIX4 SMB
[    1.863017] ACPI: PCI Interrupt Link [LNKA] (IRQs 5 9 10 *11)
[    1.870511] ACPI: PCI Interrupt Link [LNKB] (IRQs 5 9 *10 11)
[    1.879924] ACPI: PCI Interrupt Link [LNKC] (IRQs 5 *9 10 11)
[    1.889681] ACPI: PCI Interrupt Link [LNKD] (IRQs 5 9 10 *11)
[    1.895944] ACPI: Enabled 2 GPEs in block 00 to 07
[    1.903274] vgaarb: setting as boot device: PCI:0000:00:02.0
[    1.912526] vgaarb: device added: PCI:0000:00:02.0,decodes=io+mem,owns=io+mem,locks=none
[    1.922090] vgaarb: loaded
[    1.924989] vgaarb: bridge control possible 0000:00:02.0
[    1.930213] SCSI subsystem initialized
[    1.934667] ACPI: bus type USB registered
[    1.938403] usbcore: registered new interface driver usbfs
[    1.942690] usbcore: registered new interface driver hub
[    1.947661] usbcore: registered new device driver usb
[    1.962705] PCI: Using ACPI for IRQ routing
[    1.966808] NetLabel: Initializing
[    1.970064] NetLabel:  domain hash size = 128
[    1.973162] NetLabel:  protocols = UNLABELED CIPSOv4
[    1.979843] NetLabel:  unlabeled traffic allowed by default
[    1.984665] amd_nb: Cannot enumerate AMD northbridges
[    1.988675] clocksource: Switched to clocksource kvm-clock
[    2.039130] AppArmor: AppArmor Filesystem Enabled
[    2.043364] pnp: PnP ACPI init
[    2.050416] pnp: PnP ACPI: found 3 devices
[    2.072124] clocksource: acpi_pm: mask: 0xffffff max_cycles: 0xffffff, max_idle_ns: 2085701024 ns
[    2.079779] NET: Registered protocol family 2
[    2.083959] TCP established hash table entries: 8192 (order: 4, 65536 bytes)
[    2.089205] TCP bind hash table entries: 8192 (order: 5, 131072 bytes)
[    2.093746] TCP: Hash tables configured (established 8192 bind 8192)
[    2.098827] UDP hash table entries: 512 (order 2, 16384 bytes)
[    2.165003 UDP-Lite hash table entries: 512 (order: 2, 16384 bytes)
[    2.226431] NET: Registered protocol family 1
[    2.229921] pci 0000:00:00.0: Limiting direct PCI/PCI transfers
[    2.233771] pci 0000:00:01.0: Activating ISA DMA hang workarounds
[    2.238109] Unpacking initramfs...

[    3.198000] Freeing initrd memory: 14796K
[    3.201177] RAPL PMU detected, API unit is 2^-32 Joules, 4 fixed counters 10737418240 ms ovfl timer
[    3.207368] hw unit of domain pp0-core 2^-0 Joules
[    3.210898] hw unit of domain package 2^-0 Joules
[    3.214578] hw unit of domain dram 2^-0 Joules
[    3.217790] hw unit of domain pp1-gpu 2^-0 Joules
[    3.221357] platform rtc_cmos: registered platform RTC device (no PNP device found)
[    3.227035] Scanning for low memory corruption every 60 seconds
[    3.232127] audit: initializing netlink subsys (disabled)
[    3.236146] audit: type=2000 audit(1541405303.350:1): initialized
[    3.241033] Initialise system trusted keyring
[    3.244472] HugeTLB registered 2 MB page size, pre-allocated 0 pages
[    3.254697] zbud: loaded
[    3.258117] VFS: Disk quotas dquot_6.6.0
[    3.261250] VFS: Dquot-cache hash table entries: 512 (order 0, 4096 bytes)
[    3.266302] squashfs: version 4.0 (2009/01/31) Phillip Lougher
[    3.271219] fuse init (API version 7.23)
[    3.274731] Key type big_key registered
[    3.277524] Allocating IMA MOK and blacklist keyrings.
[    3.284062] Key type asymmetric registered
[    3.287094] Asymmetric key parser 'x509' registered
[    3.290684] Block layer SCSI generic (bsg) driver version 0.4 loaded (major 249)
[    3.296949] io scheduler noop registered
[    3.299684] io scheduler deadline registered (default)
[    3.303561] io scheduler cfq registered
[    3.307000] pci_hotplug: PCI Hot Plug PCI Core version: 0.5
[    3.310770] pciehp: PCI Express Hot Plug Controller Driver version: 0.4
[    3.314364] ACPI: AC Adapter [AC] (on-line)
[    3.317031] input: Power Button as /devices/LNXSYSTM:00/LNXPWRBN:00/input/input0
[    3.322426] ACPI: Power Button [PWRF]
[    3.325327] input: Sleep Button as /devices/LNXSYSTM:00/LNXSLPBN:00/input/input1
[    3.337996] ACPI: Sleep Button [SLPF]
[    3.344800] GHES: HEST is not enabled!
[    3.344978] ACPI: Battery Slot [BAT0] (battery present)
[    3.356998] Serial: 8250/16550 driver, 32 ports, IRQ sharing enabled
[    3.386246] 00:02: ttyS0 at I/O 0x3f8 (irq = 4, base_baud = 115200) is a 16550A
[    3.394129] Linux agpgart interface v0.103
[    3.400623] loop: module loaded
[    3.404760] scsi host0: ata_piix
[    3.407260] scsi host1: ata_piix
[    3.409397] ata1: PATA max UDMA/33 cmd 0x1f0 ctl 0x3f6 bmdma 0xd000 irq 14
[    3.414652] ata2: PATA max UDMA/33 cmd 0x170 ctl 0x376 bmdma 0xd008 irq 15
[    3.418320] libphy: Fixed MDIO Bus: probed
[    3.420731] tun: Universal TUN/TAP device driver, 1.6
[    3.423667] tun: (C) 1999-2004 Max Krasnyansky <maxk@qualcomm.com>
[    3.426774] PPP generic driver version 2.4.2
[    3.429222] ehci_hcd: USB 2.0 'Enhanced' Host Controller (EHCI) Driver
[    3.433794] ehci-pci: EHCI PCI platform driver
[    3.436236] ehci-platform: EHCI generic platform driver
[    3.445079] ohci_hcd: USB 1.1 'Open' Host Controller (OHCI) Driver
[    3.448363] ohci-pci: OHCI PCI platform driver
[    3.451072] ohci-platform: OHCI generic platform driver
[    3.453931] uhci_hcd: USB Universal Host Controller Interface driver
[    3.457105] i8042: PNP: PS/2 Controller [PNP0303:PS2K,PNP0f03:PS2M] at 0x60,0x64 irq 1,12
[    3.462825] serio: i8042 KBD port at 0x60,0x64 irq 1
[    3.467473] serio: i8042 AUX port at 0x60,0x64 irq 12
[    3.470715] mousedev: PS/2 mouse device common for all mice
[    3.474704] input: AT Translated Set 2 keyboard as /devices/platform/i8042/serio0/input/input2
[    3.479905] rtc_cmos rtc_cmos: rtc core: registered rtc_cmos as rtc0
[    3.484213] rtc_cmos rtc_cmos: alarms up to one day, 114 bytes nvram
[    3.488113] i2c /dev entries driver
[    3.490811] device-mapper: uevent: version 1.0.3
[    3.493978] device-mapper: ioctl: 4.34.0-ioctl (2015-10-28) initialised: dm-devel@redhat.com
[    3.499106] ledtrig-cpu: registered to indicate activity on CPUs
[    3.504990] NET: Registered protocol family 10
[    3.508255] NET: Registered protocol family 17
[    3.510766] Key type dns_resolver registered
[    3.513870] registered taskstats version 1
[    3.516195] Loading compiled-in X.509 certificates
[    3.521499] Loaded X.509 cert 'Build time autogenerated kernel key: 9a104bc44b81e9426fe5c715e47d021d02d69eba'
[    3.529145] zswap: loaded using pool lzo/zbud
[    3.536152] Key type trusted registered
[    3.546515] Key type encrypted registered
[    3.548899] AppArmor: AppArmor sha1 policy hashing enabled
[    3.552315] ima: No TPM chip found, activating TPM-bypass!
[    3.555386] ima: Allocated hash algorithm: sha1
[    3.557962] evm: HMAC attrs: 0x1
[    3.560790]   Magic number: 10:317:118
[    3.563085] rtc_cmos rtc_cmos: setting system clock to 2018-11-05 08:08:17 UTC (1541405297)
[    3.568138] BIOS EDD facility v0.16 2004-Jun-25, 0 devices found
[    3.574708] EDD information not available.
[    3.584704] Freeing unused kernel memory: 1528K
[    3.596864] Write protecting the kernel read-only data: 14336k
[    3.602245] Freeing unused kernel memory: 1664K
[    3.606166] Freeing unused kernel memory: 92K
Loading, please wait...
starting version 229
[    3.640284] random: systemd-udevd: uninitialized urandom read (16 bytes read, 3 bits of entropy available)
[    3.642045] random: udevadm: uninitialized urandom read (16 bytes read, 3 bits of entropy available)
[    3.642088] random: udevadm: uninitialized urandom read (16 bytes read, 3 bits of entropy available)
[    3.669327] random: udevadm: uninitialized urandom read (16 bytes read, 3 bits of entropy available)
[    3.669426] random: udevadm: uninitialized urandom read (16 bytes read, 3 bits of entropy available)
[    3.669907] random: udevadm: uninitialized urandom read (16 bytes read, 3 bits of entropy available)
[    3.670037] random: udevadm: uninitialized urandom read (16 bytes read, 3 bits of entropy available)
[    3.670529] random: udevadm: uninitialized urandom read (16 bytes read, 3 bits of entropy available)
[    3.670734] random: udevadm: uninitialized urandom read (16 bytes read, 3 bits of entropy available)
[    3.670864] random: udevadm: uninitialized urandom read (16 bytes read, 3 bits of entropy available)
[    3.853713] e1000: Intel(R) PRO/1000 Network Driver - version 7.3.21-k8-NAPI
[    3.857868] e1000: Copyright (c) 1999-2006 Intel Corporation.
[    3.863908] Fusion MPT base driver 3.04.20
[    3.866781] Copyright (c) 1999-2008 LSI Corporation
[    3.890783] Fusion MPT SPI Host driver 3.04.20
[    3.954760] AVX2 version of gcm_enc/dec engaged.
[    3.957984] AES CTR mode by8 optimization enabled
[    4.097918] input: ImExPS/2 Generic Explorer Mouse as /devices/platform/i8042/serio1/input/input4
[    4.220759] tsc: Refined TSC clocksource calibration: 2294.689 MHz
[    4.224691] clocksource: tsc: mask: 0xffffffffffffffff max_cycles: 0x21139c00f92, max_idle_ns: 440795293667 ns
[    4.411318] e1000 0000:00:03.0 eth0: (PCI:33MHz:32-bit) 02:9f:4a:0a:1b:63
[    4.415057] e1000 0000:00:03.0 eth0: Intel(R) PRO/1000 Network Connection
[    4.420864] mptbase: ioc0: Initiating bringup
[    4.663285] ioc0: LSI53C1030 A0: Capabilities={Initiator}
[    5.210515] scsi host2: ioc0: LSI53C1030 A0, FwRev=00000000h, Ports=1, MaxQ=256, IRQ=20
[    6.065554] scsi 2:0:0:0: Direct-Access     VBOX     HARDDISK         1.0  PQ: 0 ANSI: 5
[    6.071169] scsi target2:0:0: Beginning Domain Validation
[    6.080177] scsi target2:0:0: Domain Validation skipping write tests
[    6.083956] scsi target2:0:0: Ending Domain Validation
[    6.087132] scsi target2:0:0: asynchronous
[    6.124401] scsi 2:0:1:0: Direct-Access     VBOX     HARDDISK         1.0  PQ: 0 ANSI: 5
[    6.130423] scsi target2:0:1: Beginning Domain Validation
[    6.136990] scsi target2:0:1: Domain Validation skipping write tests
[    6.141042] scsi target2:0:1: Ending Domain Validation
[    6.144609] scsi target2:0:1: asynchronous
[    6.174816] sd 2:0:0:0: Attached scsi generic sg0 type 0
[    6.178670] sd 2:0:0:0: [sda] 20971520 512-byte logical blocks: (10.7 GB/10.0 GiB)
[    6.186413] sd 2:0:1:0: Attached scsi generic sg1 type 0
[    6.190385] sd 2:0:1:0: [sdb] 20480 512-byte logical blocks: (10.5 MB/10.0 MiB)
[    6.195653] sd 2:0:0:0: [sda] Write Protect is off
[    6.199267] sd 2:0:0:0: [sda] Incomplete mode parameter data
[    6.202917] sd 2:0:0:0: [sda] Assuming drive cache: write through
[    6.207059] sd 2:0:1:0: [sdb] Write Protect is off
[    6.210976] sd 2:0:1:0: [sdb] Incomplete mode parameter data
[    6.214421] sd 2:0:1:0: [sdb] Assuming drive cache: write through
[    6.221443]  sda: sda1
[    6.231385] sd 2:0:1:0: [sdb] Attached SCSI disk
[    6.234778] sd 2:0:0:0: [sda] Attached SCSI disk
[    6.725908] e1000 0000:00:08.0 eth1: (PCI:33MHz:32-bit) 08:00:27:5f:60:22
[    6.729434] e1000 0000:00:08.0 eth1: Intel(R) PRO/1000 Network Connection
[    6.735099] e1000 0000:00:03.0 enp0s3: renamed from eth0
[    6.753114] e1000 0000:00:08.0 enp0s8: renamed from eth1
Begin: Loading essential drivers ... [    8.922257] md: linear personality registered for level -1
[    8.930542] md: multipath personality registered for level -4
[    8.939011] md: raid0 personality registered for level 0
[    8.947887] md: raid1 personality registered for level 1
[    9.029028] raid6: sse2x1   gen()  2005 MB/s
[    9.097073] raid6: sse2x1   xor()  1045 MB/s
[    9.164781] raid6: sse2x2   gen()  3247 MB/s
[    9.233146] raid6: sse2x2   xor()  2028 MB/s
[    9.301015] raid6: sse2x4   gen()  4327 MB/s
[    9.368858] raid6: sse2x4   xor()  2925 MB/s
[    9.436755] raid6: avx2x1   gen()  3026 MB/s
[    9.504689] raid6: avx2x2   gen()  6400 MB/s
[    9.573009] raid6: avx2x4   gen()  9688 MB/s
[    9.575471] raid6: using algorithm avx2x4 gen() 9688 MB/s
[    9.578302] raid6: using avx2x2 recovery algorithm
[    9.586058] xor: automatically using best checksumming function:
[    9.624910]    avx       : 12276.000 MB/sec
[    9.629686] async_tx: api initialized (async)
[    9.647643] md: raid6 personality registered for level 6
[    9.651035] md: raid5 personality registered for level 5
[    9.654225] md: raid4 personality registered for level 4
[    9.669097] md: raid10 personality registered for level 10
done.
Begin: Running /scripts/init-premount ... done.
Begin: Mounting root file system ... Begin: Running /scripts/local-top ... done.
Begin: Running /scripts/local-premount ... [    9.770009] Btrfs loaded
Scanning for Btrfs filesystems
done.
Warning: fsck not present, so skipping root file system
[    9.821507] EXT4-fs (sda1): mounted filesystem with ordered data mode. Opts: (null)
done.
Begin: Running /scripts/local-bottom ... done.
Begin: Running /scripts/init-bottom ... done.
[    9.996505] systemd[1]: systemd 229 running in system mode. (+PAM +AUDIT +SELINUX +IMA +APPARMOR +SMACK +SYSVINIT +UTMP +LIBCRYPTSETUP +GCRYPT +GNUTLS +ACL +XZ -LZ4 +SECCOMP +BLKID +ELFUTILS +KMOD -IDN)
[   10.005356] systemd[1]: Detected virtualization oracle.
[   10.008100] systemd[1]: Detected architecture x86-64.

Welcome to [1mUbuntu 16.04.5 LTS[0m!

[   10.015431] systemd[1]: Set hostname to <ubuntu>.
[   10.020583] systemd[1]: Initializing machine ID from random generator.
[   10.023934] systemd[1]: Installed transient /etc/machine-id file.
[   10.235555] systemd[1]: Started Forward Password Requests to Wall Directory Watch.
[[0;32m  OK  [0m] Started Forward Password Requests to Wall Directory Watch.
[   10.242634] systemd[1]: Reached target System Time Synchronized.
[[0;32m  OK  [0m] Reached target System Time Synchronized.
[   10.248043] systemd[1]: Listening on /dev/initctl Compatibility Named Pipe.
[[0;32m  OK  [0m] Listening on /dev/initctl Compatibility Named Pipe.
[   10.256044] systemd[1]: Set up automount Arbitrary Executable File Formats File System Automount Point.
[[0;32m  OK  [0m] Set up automount Arbitrary Executab...ats File System Automount Point.
[   10.264277] systemd[1]: Listening on Syslog Socket.
[[0;32m  OK  [0m] Listening on Syslog Socket.
[   10.270359] systemd[1]: Listening on Journal Audit Socket.
[[0;32m  OK  [0m] Listening on Journal Audit Socket.
[   10.276158] systemd[1]: Created slice System Slice.
[[0;32m  OK  [0m] Created slice System Slice.
[   10.282189] systemd[1]: Listening on LVM2 poll daemon socket.
[[0;32m  OK  [0m] Listening on LVM2 poll daemon socket.
[   10.287691] systemd[1]: Listening on Journal Socket.
[[0;32m  OK  [0m] Listening on Journal Socket.
[   10.305147] systemd[1]: Mounting Debug File System...
         Mounting Debug File System...
[   10.312420] systemd[1]: Starting Set console keymap...
         Starting Set console keymap...
[   10.322979] systemd[1]: Starting Uncomplicated firewall...
         Starting Uncomplicated firewall...
[   10.330674] systemd[1]: Created slice User and Session Slice.
[[0;32m  OK  [0m] Created slice User and Session Slice.
[   10.337320] systemd[1]: Reached target Slices.
[[0;32m  OK  [0m] Reached target Slices.
[   10.343585] systemd[1]: Reached target Encrypted Volumes.
[[0;32m  OK  [0m] Reached target Encrypted Volumes.
[   10.365059] systemd[1]: Mounting Huge Pages File System...
         Mounting Huge Pages File System...
[   10.393880] systemd[1]: Mounting POSIX Message Queue File System...
         Mounting POSIX Message Queue File System...
[   10.409479] systemd[1]: Starting Load Kernel Modules...
         Starting Load Kernel Modules...
[   10.418185] systemd[1]: Starting Nameserver information manager...
         Starting Nameser[   10.444330] Loading iSCSI transport class v2.0-870.
ver information manager...
[   10.464823] systemd[1]: Listening on LVM2 metadata daemon socket.
[[0;32m  OK  [0m] Listening on LVM2 metadata daemon socket.
[   10.474084] systemd[1]: Listening on udev Kernel Socket.
[[0;32m  OK  [0[   10.490905] iscsi: registered transport (tcp)
m] Listening on udev Kernel Socket.
[   10.511562] systemd[1]: Listening on udev Control Socket.
[[0;32m  OK  [0m] Listening on udev Control Socket.
[   10.519185] systemd[1]: Listening on Device-mapper event daemon FIFOs.
[[0;32m  OK  [0m] Listening on Device-mapper event daemon FIFOs.
[   10.547305] systemd[1]: Starting Monitoring of LVM2 mirrors, snapshots etc. using dmeventd or progress polling...
         Starting Monitoring of LVM2 mirrors... dmeventd or progress polling...
[   10.595404] systemd[1]: Reached target User and Group Name Lookups.
[[0;32m  OK  [0m] Reached target User and Group Name Lookups.
[   10.618373] iscsi: registered transport (iser)
[   10.625163] systemd[1]: Starting Create list of required static device nodes for the current kernel...
         Starting Create list of required st... nodes for the current kernel...
[   10.636643] systemd[1]: Listening on Journal Socket (/dev/log).
[[0;32m  OK  [0m] Listening on Journal Socket (/dev/log).
[   10.645699] systemd[1]: Starting Journal Service...
         Starting Journal Service...
[   10.652727] systemd[1]: Created slice system-serial\x2dgetty.slice.
[[0;32m  OK  [0m] Created slice system-serial\x2dgetty.slice.
[   10.692853] systemd[1]: Started Trigger resolvconf update for networkd DNS.
[[0;32m  OK  [0m] Started Trigger resolvconf update for networkd DNS.
[   10.717190] systemd[1]: Reached target Swap.
[[0;32m  OK  [0m] Reached target Swap.
[   10.748974] systemd[1]: Starting Remount Root and Kernel File Systems...
[   10.755495] EXT4-fs (sda1): re-mounted. Opts: (null)
         Starting Remount Root and Kernel File Systems...
[   10.773774] systemd[1]: Mounted Huge Pages File System.
[[0;32m  OK  [0m] Mounted Huge Pages File System.
[   10.787798] systemd[1]: Mounted POSIX Message Queue File System.
[[0;32m  OK  [0m] Mounted POSIX Message Queue File System.
[   10.795703] systemd[1]: Mounted Debug File System.
[[0;32m  OK  [0m] Mounted Debug File System.
[   10.802647] systemd[1]: Started Journal Service.
[[0;32m  OK  [0m] Started Journal Service.
[[0;32m  OK  [0m] Started Set console keymap.
[[0;32m  OK  [0m] Started Uncomplicated firewall.
[[0;32m  OK  [0m] Started Load Kernel Modules.
[[0;32m  OK  [0m] Started Crea[   10.846055] random: nonblocking pool is initialized
te list of required sta...ce nodes for the current kernel.
[[0;32m  OK  [0m] Started Remount Root and Kernel File Systems.
[[0;32m  OK  [0m] Started Nameserver information manager.
[[0;32m  OK  [0m] Started LVM2 metadata daemon.
         Starting Load/Save Random Seed...
         Starting udev Coldplug all Devices...
         Starting Create Static Device Nodes in /dev...
         Starting Apply Kernel Variables...
         Mounting FUSE Control File System...
         Starting Flush Journal to Persistent Storage...
[[0;32m  OK  [0m] Mounted FUSE Control File System.
[[0;32m  OK  [0m] Started Load/Save Random Seed.
[[0;32m  OK  [0m] Started Create Static Device Nodes in /dev.
[[0;32m  OK  [0m] Started Apply Kernel Variables.
[[0;32m  OK  [0m] Started udev Coldplug all Devices.
[[0;32m  OK  [0m] Started Flush Journal to Persistent Storage.
         Starting udev Kernel Device Manager...
[[0;32m  OK  [0m] Started udev Kernel Device Manager.
[[0;32m  OK  [0m] Started Dispatch Password Requests to Console Directory Watch.
[[0;32m  OK  [0m] Started Monitoring of LVM2 mirrors,...ng dmeventd or progress polling.
[[0;32m  OK  [0m] Reached target Local File Systems (Pre).
[[0;32m  OK  [0m] Reached target Local File Systems.
         Starting Create Volatile Files and Directories...
         Starting Tell Plymouth To Write Out Runtime Data...
         Starting Set console font and keymap...
         Starting Initial cloud-init job (pre-networking)...
         Starting Commit a transient machine-id on disk...
         Starting LSB: AppArmor initialization...
[[0;32m  OK  [0m] Started Tell Plymouth To Write Out Runtime Data.
[[0;32m  OK  [0m] Started Create Volatile Files and Directories.
[[0;32m  OK  [0m] Started Commit a transient machine-id on disk.
         Starting Update UTMP about System Boot/Shutdown...
[[0;32m  OK  [0m] Found device /dev/ttyS0.
[[0;32m  OK  [0m] Started Update UTMP about System Boot/Shutdown.
[[0;32m  OK  [0m] Listening on Load/Save RF Kill Switch Status /dev/rfkill Watch.
[   14.233893] cloud-init[500]: Cloud-init v. 18.3-9-g2e62cb8a-0ubuntu1~16.04.2 running 'init-local' at Mon, 05 Nov 2018 08:08:28 +0000. Up 12.96 seconds.
[[0;32m  OK  [0m] Started Initial cloud-init job (pre-networking).
[[0;32m  OK  [0m] Reached target Network (Pre).
[[0;32m  OK  [0m] Started Set console font and keymap.
[[0;32m  OK  [0m] Created slice system-getty.slice.
[[0;32m  OK  [0m] Started LSB: AppArmor initialization.
         Starting Raise network interfaces...
[[0;32m  OK  [0m] Started Raise network interfaces.
[[0;32m  OK  [0m] Reached target Network.
         Starting Initial cloud-init job (metadata service crawler)...
[   19.218938] cloud-init[944]: Cloud-init v. 18.3-9-g2e62cb8a-0ubuntu1~16.04.2 running 'init' at Mon, 05 Nov 2018 08:08:32 +0000. Up 17.76 seconds.
[   19.224389] cloud-init[944]: ci-info: ++++++++++++++++++++++++++++++++++++++Net device info+++++++++++++++++++++++++++++++++++++++
[   19.253384] cloud-init[944]: ci-info: +--------+-------+----------------------------+---------------+--------+-------------------+
[   19.266547] cloud-init[944]: ci-info: | Device |   Up  |          Address           |      Mask     | Scope  |     Hw-Address    |
[   19.282271] cloud-init[944]: ci-info: +--------+-------+----------------------------+---------------+--------+-------------------+
[   19.313340] cloud-init[944]: ci-info: | enp0s3 |  True |         10.0.2.15          | 255.255.255.0 | global | 02:9f:4a:0a:1b:63 |
[   19.318547] cloud-init[944]: ci-info: | enp0s3 |  True | fe80::9f:4aff:fe0a:1b63/64 |       .       |  link  | 02:9f:4a:0a:1b:63 |
[   19.329505] cloud-init[944]: ci-info: | enp0s8 | False |             .              |       .       |   .    | 08:00:27:5f:60:22 |
[   19.352577] cloud-init[944]: ci-info: |   lo   |  True |         127.0.0.1          |   255.0.0.0   |  host  |         .         |
[[0;32m  OK  [0m] Started Initial cloud-init job (metadata service crawler).
[   19.377716] cloud-init[944]: ci-info: |   lo   |  True |          ::1/128           |       .       |  host  |         .         |
[   19.408564] cloud-init[944]: ci-info: +--------+-------+----------------------------+---------------+--------+-------------------+
[   19.418330] cloud-init[944]: ci-info: +++++++++++++++++++++++++++Route IPv4 info++++++++++++++++++++++++++++
[[0;32m  OK  [0m] Reached target System Initialization.
[   19.434300] cloud-init[944]: ci-info: +-------+-------------+----------+---------------+-----------+-------+
[   19.475123] cloud-init[944]: ci-info: | Route | Destination | Gateway  |    Genmask    | Interface | Flags |
         Starting LXD - unix socket.
         Starting Socket activation for snappy daemon.
[[0;32m  OK  [0m] Listening on UUID daemon activation socket.
[[0;32m  OK  [0m] Listening on D-Bus System Message Bus Socket.
[[0;32m  OK  [0m] Started Daily Cleanup of Temporary Directories.
[[0;32m  OK  [0m] Started Daily apt download activities.
[   19.486320] cloud-init[944]: ci-info: +-------+-------------+----------+---------------+-----------+-------+
[   19.628262] [[0;32m  OK  [0m] Started Daily apt upgrade and clean activities.
[[0;32m  OK  [0m] Reached target Timers.
cloud-init[944]: ci-info: |   0   |   0.0.0.0   | 10.0.2.2 |    0.0.0.0    |   enp0s3  |   UG  |
[[0;32m  OK  [0m] Started ACPI Events Check.
[[0;32m  OK  [0m] Reached target Paths.
[[0;32m  OK  [0m] Listening on ACPID Listen Socket.
[[0;32m  OK  [0m] Reached target Network is Online.
[   19.636588] cloud-init[944]: ci-info: |   1   |   10.0.2.0  | 0.0.0.0  | 255.255.255.0 |   enp0s3  |   U   |
[   19.681554]          Starting iSCSI initiator daemon (iscsid)...
[cloud-init[944]: ci-info: +-------+-------------+----------+---------------+-----------+-------+[0;32m  OK  [0m
[   19.689120] ] Reached target Cloud-config availability.
cloud-init[944]: ci-info: +++++++++++++++++++Route IPv6 info+++++++++++++++++++[[0;32m  OK  [0m] Listening on LXD - unix socket.
[[0;32m  OK  [0m] Listening on Socket activation for snappy daemon.

[   19.699046] [cloud-init[0;32m  OK  [0m[944]: ] ci-info: +-------+-------------+---------+-----------+-------+Reached target Sockets.

[   19.728531] [[0;32m  OK  [0m] Reached target Basic System.
cloud-init[944]: ci-info: | Route | Destination | Gateway | Interface | Flags |
[   19.748670]          Starting Accounts Service...
cloud-init         Starting Virtualbox guest utils...
[944]: ci-info: +-------+-------------+---------+-----------+-------+
[   19.756581]          Starting Pollinate to seed the pseudo random number generator...
cloud-init[944]: ci-info: |   0   |  fe80::/64  |    ::   |   enp0s3  |   U   |
[[0;32m  OK  [0m] Started ACPI event daemon.
[   19.782330] cloud-init[944]: ci-info: |   3   |   ff00::/8  |    ::   |   enp0s3  |   U   |
[   19.802295] cloud-init[944]: ci-info: +-------+-------------+---------+-----------+-------+
[   19.812460] cloud-init[944]: Generating public/private rsa key pair.
[   19.813196] cloud-init[944]: Your identification has been saved in /etc/ssh/ssh_host_rsa_key.
[   19.813642] cloud-init[944]: Your public key has been saved in /etc/ssh/ssh_host_rsa_key.pub.
         Starting LXD - container startup/shutdown...
[   19.815110] cloud-init[944]: The key fingerprint is:
[   19.887241]          Starting LSB: Record successful boot for GRUB...
cloud-init[944]: SHA256:2aiJlRbtVMYZe7Rv7VRwmMNcNwcDBk0Im0ipn4DBhiA root@ubuntu-xenial
[   19.911378]          Starting Login Service...
[[0;32m  OK  [0m] Started Unattended Upgrades Shutdown.
         Starting /etc/rc.local Compatibility...
[[0;32m  OK  [0m] Started Deferred execution scheduler.
[[0;32m  OK  [0m] Started FUSE filesystem for LXC.
cloud-init[944]: The key's randomart image is:
[   19.955943] [[0;32m  OK  [0m] Started Regular background program processing daemon.
cloud-init[944]: +---[RSA 2048]----+
[   19.962813] cloud-init[944]: |Eo    ...o=B=++*=|
[   19.965569] cloud-init[944]: |o +  ..o =++..*++|
[   19.968645] cloud-init[944]: | . o .o = . o  ..|
         Starting System Logging Service...
         Starting LSB: MD monitoring daemon...
         Starting Snappy daemon...
[[0;32m  OK  [0m] Started D-Bus System Message Bus.
[   19.971946] cloud-init[944]: |  . o  = + . . ..|
[   20.077326] cloud-init[944]: |     o+.S .   o o|
[   20.107653] cloud-init[944]: |     +oo     . o |
[   20.113800] cloud-init[944]: |    . o         .|
[   20.214149] cloud-init[944]: |                 |
[   20.218415] cloud-init[944]: |                 |
[   20.261089] cloud-init[944]: +----[SHA256]-----+
[   20.264798] cloud-init[944]: Generating public/private dsa key pair.
[   20.269135] cloud-init[944]: Your identification has been saved in /etc/ssh/ssh_host_dsa_key.
[   20.312655] cloud-init[944]: Your public key has been saved in /etc/ssh/ssh_host_dsa_key.pub.
[   20.316798] cloud-init[944]: The key fingerprint is:
[   20.364180] cloud-init[944]: SHA256:3XC2Ayy1yL1SVtCA4QQI+miOyh6qFfXDs/lXGa5C7Jo root@ubuntu-xenial
[   20.571458] [[0;32m  OK  [0m] Started System Logging Service.
cloud-init[944]: The key's randomart image is:
[[0;32m  OK  [0m] Started LXD - container startup/shutdown.
[[0;32m  OK  [0m] Started /etc/rc.local Compatibility.
[[0;32m  OK  [0m] Started iSCSI initiator daemon (iscsid).
[   20.695122] cloud-init[944]: +---[DSA 1024]----+
[   20.840635] cloud-init[944]: |  .. ...oo++.    |
[   20.848869] cloud-init[944]: | .  .  +.= o.    |
[   20.853277] cloud-init[944]: |.   .   = O o    |
[   20.859892] cloud-init[944]: | o . o   = B..   |
[   20.866237] cloud-init[944]: |..o   =.S o.+o   |
[   20.935310] cloud-init[944]: |+  .   =o.  +.   |
[   20.942580] cloud-init[944]: |.o.   oo   o     |
[   21.011835] cloud-init[944]: |+..    oo o      |
[   21.030777] cloud-init[944]: |*o    E..o       |
[   21.122353] cloud-init[944]: +----[SHA256]-----+
[   21.130147] cloud-init[944]: Generating public/private ecdsa key pair.
[   21.177014] [[0;32m  OK  [0m] Started Pollinate to seed the pseudo random number generator.
cloud-init[944]: Your identification has been saved in /etc/ssh/ssh_host_ecdsa_key.
[   21.209907] cloud-init[944]: [[0;32m  OK  [0m] Started LSB: Record successful boot for GRUB.
Your public key has been saved in /etc/ssh/ssh_host_ecdsa_key.pub.
[   21.217416] cloud-init[944]: The key fingerprint is:
[   21.225095] cloud-init[944]: SHA256:quFl2oR65fc7NPMVp0+WWectSWePRdchnK9LJYO1bnE root@ubuntu-xenial
[   21.289373] cloud-init[944]: The key's randomart image is:
[   21.293488] cloud-init[944]: +---[ECDSA 256]---+
[   21.297374] cloud-init[944]: |            ....o|
[   21.301345] cloud-init[944]: |             +. +|
[   21.305224] cloud-init[944]: |            o o..|
[   21.309184] cloud-init[944]: |           . =oEB|
[   21.313703] cloud-init[944]: |        S   ..B@B|
[   21.317974] cloud-init[944]: |     ...  +  =*o*|
[   21.321872] cloud-init[944]: |    oo=  . +o..= |
[   21.325772] cloud-init[944]: |   o.O. . . ..  .|
[   21.332975] cloud-init[[0;32m  OK  [0m] Started Login Service.
[944]: |  ..+ .. .oo     |
[   21.358599]          Starting Authenticate and Authorize Users to Run Privileged Tasks...
cloud-init[944]: +----[SHA256]-----+
[   21.389036] cloud-init         Starting OpenBSD Secure Shell server...
[944]: Generating public/private ed25519 key pair.
[   21.395214] cloud-init[944]: Your identification has been saved in /etc/ssh/ssh_host_ed25519_key.
[   21.400119] cloud-init[944]: Your public key has been saved in /etc/ssh/ssh_host_ed25519_key.pub.
         Starting Login to default iSCSI targets...
[[0;32m  OK  [0m] Started Snappy daemon.
[[0;32m  OK  [0m] Started Virtualbox guest utils.
[[0;32m  OK  [0m[   21.477021] cloud-init[944]: The key fingerprint is:
[   21.502298] cloud-init[944]: SHA256:PJsN9VsqhQ5AbvGsjp/4bbemHFYKqLPkfpMLQ9HntKA root@ubuntu-xenial] Started LSB: MD monitoring daemon.

[   21.508449] cloud-init[944]: The key's randomart image is:
[   21.511035] cloud-init[944]: +--[ED25519 256]--+
[   21.513680] cloud-init[944]: |      o          |
[   21.515857] cloud-init[944]: |   . o +         |
[[0;32m  OK  [0m] Started Authenticate and Authorize Users to Run Privileged Tasks.
[   21.526914] cloud-init[944]: [[0;32m  OK  [0m] Started Accounts Service.
|  . o * o .      |
[   21.539980] cloud-init[944]: |   o B = . o     |
[   21.547710] cloud-init[944]: |  E . = S o o .  |
[   21.553376] cloud-init[944]: | . . o . @ . +   |
[   21.555648] cloud-init[944]: |  * ... * + o    |
[   21.563234] [[0;32m  OK  [0m] Started OpenBSD Secure Shell server.
cloud-init[944]: | o =+o =..o.     |
[   21.641016] cloud-init[944]: | .+.o++.++..     |
[   21.646730] cloud-init[944]: +----[SHA256]-----+
[[0;32m  OK  [0m] Started Login to default iSCSI targets.
[[0;32m  OK  [0m] Reached target Remote File Systems (Pre).
[[0;32m  OK  [0m] Reached target Remote File Systems.
         Starting LSB: Set the CPU Frequency Scaling governor to "ondemand"...
         Starting LSB: daemon to balance interrupts for SMP systems...
         Starting LSB: automatic crash report generation...
         Starting Permit User Sessions...
         Starting Wait until snapd is fully seeded...
[[0;32m  OK  [0m] Started Permit User Sessions.
         Starting Terminate Plymouth Boot Screen...
         Starting Hold until boot process finishes up...
[[0;32m  OK  [0m] Started Terminate Plymouth Boot Screen.
[[0;32m  OK  [0m] Started Hold until boot process finishes up.
[[0;32m  OK  [0m] Started LSB: Set the CPU Frequency Scaling governor to "ondemand".
[[0;32m  OK  [0m] Started Getty on tty1.
         Starting Set console scheme...
[[0;32m  OK  [0m] Started Serial Getty on ttyS0.
[[0;32m  OK  [0m] Reached target Login Prompts.
[[0;32m  OK  [0m] Started LSB: daemon to balance interrupts for SMP systems.
[[0;32m  OK  [0m] Started LSB: automatic crash report generation.
[[0;32m  OK  [0m] Started Set console scheme.
[[0;32m  OK  [0m] Created slice User Slice of vagrant.
         Starting User Manager for UID 1000...
[[0;32m  OK  [0m] Started Session 1 of user vagrant.
[[0;32m  OK  [0m] Started User Manager for UID 1000.
[[0;32m  OK  [0m] Started Wait until snapd is fully seeded.
[[0;32m  OK  [0m] Reached target Multi-User System.
[[0;32m  OK  [0m] Reached target Graphical Interface.
         Starting Update UTMP about System Runlevel Changes...
         Starting Apply the settings specified in cloud-config...
[[0;32m  OK  [0m] Started Update UTMP about System Runlevel Changes.

Ubuntu 16.04.5 LTS ubuntu-xenial ttyS0

ubuntu-xenial login: [   29.620281] cloud-init[1365]: Generating locales (this might take a while)...
[   36.823325] cloud-init[1365]:   en_US.UTF-8... done
[   36.826606] cloud-init[1365]: Generation complete.
[   37.817006] cloud-init[1365]: Cloud-init v. 18.3-9-g2e62cb8a-0ubuntu1~16.04.2 running 'modules:config' at Mon, 05 Nov 2018 08:08:43 +0000. Up 28.46 seconds.
ci-info: no authorized ssh keys fingerprints found for user ubuntu.
<14>Nov  5 08:08:54 ec2: 
<14>Nov  5 08:08:54 ec2: #############################################################
<14>Nov  5 08:08:54 ec2: -----BEGIN SSH HOST KEY FINGERPRINTS-----
<14>Nov  5 08:08:54 ec2: 1024 SHA256:3XC2Ayy1yL1SVtCA4QQI+miOyh6qFfXDs/lXGa5C7Jo root@ubuntu-xenial (DSA)
<14>Nov  5 08:08:54 ec2: 256 SHA256:quFl2oR65fc7NPMVp0+WWectSWePRdchnK9LJYO1bnE root@ubuntu-xenial (ECDSA)
<14>Nov  5 08:08:54 ec2: 256 SHA256:PJsN9VsqhQ5AbvGsjp/4bbemHFYKqLPkfpMLQ9HntKA root@ubuntu-xenial (ED25519)
<14>Nov  5 08:08:54 ec2: 2048 SHA256:2aiJlRbtVMYZe7Rv7VRwmMNcNwcDBk0Im0ipn4DBhiA root@ubuntu-xenial (RSA)
<14>Nov  5 08:08:54 ec2: -----END SSH HOST KEY FINGERPRINTS-----
<14>Nov  5 08:08:54 ec2: #############################################################
-----BEGIN SSH HOST KEY KEYS-----
ecdsa-sha2-nistp256 AAAAE2VjZHNhLXNoYTItbmlzdHAyNTYAAAAIbmlzdHAyNTYAAABBBCUtpJdtIbkGPd/trLCClTs52FIG5QKg1u6NIfma58P9uP12VqsBvVICtkzEURVW3FW2r9jBjbAuQgshkKgfOsQ= root@ubuntu-xenial
ssh-ed25519 AAAAC3NzaC1lZDI1NTE5AAAAILgmti2lMOTiZxV9OGhERcN6IrxHvwEaaBNm05gKOsR7 root@ubuntu-xenial
ssh-rsa AAAAB3NzaC1yc2EAAAADAQABAAABAQDR7e+oTHfDAr+oK6Pog4Dc2qGGJuzPxwz5EERX1xTSUXYrH5Ywo+4G77fKUrBuqaLoWRrbw+V/fpXdf6s+cqAjlibiKjf0yzAdrECv4uFuXZnATaHdbkkkfrab4ztj4InMmQKua6zUiRh/rhHSZF3lMxHE9QGVOvRBk22l23mJo5OkX+N0h00VNGoVHP7uKJKAH6YldyOZVzduAOrZXEoVEkt6MNj7KK7+BCP2aGAFbSdJOpJYUdZhP+OqL6A46SUuYghpyrmiQb8PsTfbDByCjHRhcS8aI2VnFtEtNf1ZNHjJ0akRkhy9suOlCuc+dQvWIaBJZtmLyyT1moeYsuM9 root@ubuntu-xenial
-----END SSH HOST KEY KEYS-----
[   39.654893] cloud-init[1695]: Cloud-init v. 18.3-9-g2e62cb8a-0ubuntu1~16.04.2 running 'modules:final' at Mon, 05 Nov 2018 08:08:54 +0000. Up 38.95 seconds.
[   39.657318] cloud-init[1695]: ci-info: no authorized ssh keys fingerprints found for user ubuntu.
[   39.657654] cloud-init[1695]: Cloud-init v. 18.3-9-g2e62cb8a-0ubuntu1~16.04.2 finished at Mon, 05 Nov 2018 08:08:54 +0000. Datasource DataSourceNoCloud [seed=/dev/sdb][dsmode=net].  Up 39.63 seconds
